# JRE version: OpenJDK Runtime Environment Temurin-18.0.1+10 (18.0.1+10) (build 18.0.1+10)
# Java VM: OpenJDK 64-Bit Server VM Temurin-18.0.1+10 (18.0.1+10, mixed mode, tiered, compressed oops, compressed class ptrs, g1 gc, windows-amd64)
GC Precious Log:
 CardTable entry size: 512
 Card Set container configuration: InlinePtr #cards 5 size 8 Array Of Cards #cards 12 size 40 Howl #buckets 4 coarsen threshold 1843 Howl Bitmap #cards 512 size 80 coarsen threshold 460 Card regions per heap region 1 cards per card region 2048
 CPUs: 8 total, 8 available
 Memory: 7959M
 Large Page Support: Disabled
 NUMA Support: Disabled
 Compressed Oops: Enabled (32-bit)
 Heap Region Size: 1M
 Heap Min Capacity: 8M
 Heap Initial Capacity: 126M
 Heap Max Capacity: 1990M
 Pre-touch: Disabled
 Parallel Workers: 8
 Concurrent Workers: 2
 Concurrent Refinement Workers: 8
 Periodic GC: Disabled
Heap:
 garbage-first heap   total 40960K, used 28962K [0x0000000083a00000, 0x0000000100000000)
  region size 1024K, 9 young (9216K), 1 survivors (1024K)
 Metaspace       used 53551K, committed 53888K, reserved 1114112K
  class space    used 6562K, committed 6720K, reserved 1048576K
GC Heap History (20 events):
Event: 5.365 GC heap before
{Heap before GC invocations=6 (full 0):
 garbage-first heap   total 40960K, used 28426K [0x0000000083a00000, 0x0000000100000000)
  region size 1024K, 17 young (17408K), 2 survivors (2048K)
 Metaspace       used 30056K, committed 30400K, reserved 1114112K
  class space    used 3425K, committed 3584K, reserved 1048576K
}
Event: 5.372 GC heap after
{Heap after GC invocations=7 (full 0):
 garbage-first heap   total 40960K, used 14137K [0x0000000083a00000, 0x0000000100000000)
  region size 1024K, 3 young (3072K), 3 survivors (3072K)
 Metaspace       used 30056K, committed 30400K, reserved 1114112K
  class space    used 3425K, committed 3584K, reserved 1048576K
}
Event: 6.266 GC heap before
{Heap before GC invocations=7 (full 0):
 garbage-first heap   total 40960K, used 29497K [0x0000000083a00000, 0x0000000100000000)
  region size 1024K, 18 young (18432K), 3 survivors (3072K)
 Metaspace       used 33081K, committed 33344K, reserved 1114112K
  class space    used 3835K, committed 3968K, reserved 1048576K
}
Event: 6.277 GC heap after
{Heap after GC invocations=8 (full 0):
 garbage-first heap   total 40960K, used 15779K [0x0000000083a00000, 0x0000000100000000)
  region size 1024K, 3 young (3072K), 3 survivors (3072K)
 Metaspace       used 33081K, committed 33344K, reserved 1114112K
  class space    used 3835K, committed 3968K, reserved 1048576K
}
Event: 7.255 GC heap before
{Heap before GC invocations=8 (full 0):
 garbage-first heap   total 40960K, used 28067K [0x0000000083a00000, 0x0000000100000000)
  region size 1024K, 16 young (16384K), 3 survivors (3072K)
 Metaspace       used 35884K, committed 36160K, reserved 1114112K
  class space    used 4196K, committed 4352K, reserved 1048576K
}
Event: 7.266 GC heap after
{Heap after GC invocations=9 (full 0):
 garbage-first heap   total 40960K, used 17171K [0x0000000083a00000, 0x0000000100000000)
  region size 1024K, 2 young (2048K), 2 survivors (2048K)
 Metaspace       used 35884K, committed 36160K, reserved 1114112K
  class space    used 4196K, committed 4352K, reserved 1048576K
}
Event: 7.675 GC heap before
{Heap before GC invocations=10 (full 0):
 garbage-first heap   total 40960K, used 30483K [0x0000000083a00000, 0x0000000100000000)
  region size 1024K, 15 young (15360K), 2 survivors (2048K)
 Metaspace       used 37297K, committed 37632K, reserved 1114112K
  class space    used 4340K, committed 4480K, reserved 1048576K
}
Event: 7.681 GC heap after
{Heap after GC invocations=11 (full 0):
 garbage-first heap   total 40960K, used 18480K [0x0000000083a00000, 0x0000000100000000)
  region size 1024K, 2 young (2048K), 2 survivors (2048K)
 Metaspace       used 37297K, committed 37632K, reserved 1114112K
  class space    used 4340K, committed 4480K, reserved 1048576K
}
Event: 7.685 GC heap before
{Heap before GC invocations=11 (full 0):
 garbage-first heap   total 40960K, used 18480K [0x0000000083a00000, 0x0000000100000000)
  region size 1024K, 3 young (3072K), 2 survivors (2048K)
 Metaspace       used 37297K, committed 37632K, reserved 1114112K
  class space    used 4340K, committed 4480K, reserved 1048576K
}
Event: 7.688 GC heap after
{Heap after GC invocations=12 (full 0):
 garbage-first heap   total 40960K, used 19238K [0x0000000083a00000, 0x0000000100000000)
  region size 1024K, 1 young (1024K), 1 survivors (1024K)
 Metaspace       used 37297K, committed 37632K, reserved 1114112K
  class space    used 4340K, committed 4480K, reserved 1048576K
}
Event: 8.074 GC heap before
{Heap before GC invocations=13 (full 0):
 garbage-first heap   total 40960K, used 29478K [0x0000000083a00000, 0x0000000100000000)
  region size 1024K, 10 young (10240K), 1 survivors (1024K)
 Metaspace       used 38629K, committed 38976K, reserved 1114112K
  class space    used 4518K, committed 4672K, reserved 1048576K
}
Event: 8.077 GC heap after
{Heap after GC invocations=14 (full 0):
 garbage-first heap   total 40960K, used 19640K [0x0000000083a00000, 0x0000000100000000)
  region size 1024K, 2 young (2048K), 2 survivors (2048K)
 Metaspace       used 38629K, committed 38976K, reserved 1114112K
  class space    used 4518K, committed 4672K, reserved 1048576K
}
Event: 8.615 GC heap before
{Heap before GC invocations=14 (full 0):
 garbage-first heap   total 40960K, used 27832K [0x0000000083a00000, 0x0000000100000000)
  region size 1024K, 11 young (11264K), 2 survivors (2048K)
 Metaspace       used 41290K, committed 41600K, reserved 1114112K
  class space    used 4881K, committed 4992K, reserved 1048576K
}
Event: 8.617 GC heap after
{Heap after GC invocations=15 (full 0):
 garbage-first heap   total 40960K, used 20175K [0x0000000083a00000, 0x0000000100000000)
  region size 1024K, 2 young (2048K), 2 survivors (2048K)
 Metaspace       used 41290K, committed 41600K, reserved 1114112K
  class space    used 4881K, committed 4992K, reserved 1048576K
}
Event: 9.081 GC heap before
{Heap before GC invocations=16 (full 0):
 garbage-first heap   total 40960K, used 29391K [0x0000000083a00000, 0x0000000100000000)
  region size 1024K, 11 young (11264K), 2 survivors (2048K)
 Metaspace       used 43987K, committed 44352K, reserved 1114112K
  class space    used 5404K, committed 5632K, reserved 1048576K
}
Event: 9.084 GC heap after
{Heap after GC invocations=17 (full 0):
 garbage-first heap   total 40960K, used 20654K [0x0000000083a00000, 0x0000000100000000)
  region size 1024K, 2 young (2048K), 2 survivors (2048K)
 Metaspace       used 43987K, committed 44352K, reserved 1114112K
  class space    used 5404K, committed 5632K, reserved 1048576K
}
Event: 9.537 GC heap before
{Heap before GC invocations=17 (full 0):
 garbage-first heap   total 40960K, used 28846K [0x0000000083a00000, 0x0000000100000000)
  region size 1024K, 11 young (11264K), 2 survivors (2048K)
 Metaspace       used 47612K, committed 47936K, reserved 1114112K
  class space    used 5800K, committed 5952K, reserved 1048576K
}
Event: 9.541 GC heap after
{Heap after GC invocations=18 (full 0):
 garbage-first heap   total 40960K, used 21962K [0x0000000083a00000, 0x0000000100000000)
  region size 1024K, 2 young (2048K), 2 survivors (2048K)
 Metaspace       used 47612K, committed 47936K, reserved 1114112K
  class space    used 5800K, committed 5952K, reserved 1048576K
}
Event: 10.040 GC heap before
{Heap before GC invocations=19 (full 0):
 garbage-first heap   total 40960K, used 30154K [0x0000000083a00000, 0x0000000100000000)
  region size 1024K, 11 young (11264K), 2 survivors (2048K)
 Metaspace       used 51884K, committed 52224K, reserved 1114112K
  class space    used 6329K, committed 6464K, reserved 1048576K
}
Event: 10.043 GC heap after
{Heap after GC invocations=20 (full 0):
 garbage-first heap   total 40960K, used 22818K [0x0000000083a00000, 0x0000000100000000)
  region size 1024K, 1 young (1024K), 1 survivors (1024K)
 Metaspace       used 51884K, committed 52224K, reserved 1114112K
  class space    used 6329K, committed 6464K, reserved 1048576K
}

