# JRE version: OpenJDK Runtime Environment Temurin-18.0.1+10 (18.0.1+10) (build 18.0.1+10)
# Java VM: OpenJDK 64-Bit Server VM Temurin-18.0.1+10 (18.0.1+10, mixed mode, tiered, compressed oops, compressed class ptrs, g1 gc, windows-amd64)
GC Precious Log:
 CardTable entry size: 512
 Card Set container configuration: InlinePtr #cards 5 size 8 Array Of Cards #cards 12 size 40 Howl #buckets 4 coarsen threshold 1843 Howl Bitmap #cards 512 size 80 coarsen threshold 460 Card regions per heap region 1 cards per card region 2048
 CPUs: 8 total, 8 available
 Memory: 7959M
 Large Page Support: Disabled
 NUMA Support: Disabled
 Compressed Oops: Enabled (32-bit)
 Heap Region Size: 1M
 Heap Min Capacity: 8M
 Heap Initial Capacity: 126M
 Heap Max Capacity: 1990M
 Pre-touch: Disabled
 Parallel Workers: 8
 Concurrent Workers: 2
 Concurrent Refinement Workers: 8
 Periodic GC: Disabled
Heap:
 garbage-first heap   total 73728K, used 45523K [0x0000000083a00000, 0x0000000100000000)
  region size 1024K, 14 young (14336K), 2 survivors (2048K)
 Metaspace       used 78342K, committed 78848K, reserved 1179648K
  class space    used 9750K, committed 9984K, reserved 1048576K
GC Heap History (20 events):
Event: 4.674 GC heap before
{Heap before GC invocations=11 (full 0):
 garbage-first heap   total 61440K, used 46113K [0x0000000083a00000, 0x0000000100000000)
  region size 1024K, 29 young (29696K), 3 survivors (3072K)
 Metaspace       used 51496K, committed 51904K, reserved 1114112K
  class space    used 6269K, committed 6464K, reserved 1048576K
}
Event: 4.678 GC heap after
{Heap after GC invocations=12 (full 0):
 garbage-first heap   total 61440K, used 21926K [0x0000000083a00000, 0x0000000100000000)
  region size 1024K, 4 young (4096K), 4 survivors (4096K)
 Metaspace       used 51496K, committed 51904K, reserved 1114112K
  class space    used 6269K, committed 6464K, reserved 1048576K
}
Event: 5.039 GC heap before
{Heap before GC invocations=12 (full 0):
 garbage-first heap   total 61440K, used 45478K [0x0000000083a00000, 0x0000000100000000)
  region size 1024K, 28 young (28672K), 4 survivors (4096K)
 Metaspace       used 55957K, committed 56320K, reserved 1114112K
  class space    used 6848K, committed 7040K, reserved 1048576K
}
Event: 5.046 GC heap after
{Heap after GC invocations=13 (full 0):
 garbage-first heap   total 61440K, used 23787K [0x0000000083a00000, 0x0000000100000000)
  region size 1024K, 2 young (2048K), 2 survivors (2048K)
 Metaspace       used 55957K, committed 56320K, reserved 1114112K
  class space    used 6848K, committed 7040K, reserved 1048576K
}
Event: 5.466 GC heap before
{Heap before GC invocations=13 (full 0):
 garbage-first heap   total 61440K, used 41195K [0x0000000083a00000, 0x0000000100000000)
  region size 1024K, 20 young (20480K), 2 survivors (2048K)
 Metaspace       used 60058K, committed 60416K, reserved 1114112K
  class space    used 7489K, committed 7680K, reserved 1048576K
}
Event: 5.470 GC heap after
{Heap after GC invocations=14 (full 0):
 garbage-first heap   total 73728K, used 24636K [0x0000000083a00000, 0x0000000100000000)
  region size 1024K, 3 young (3072K), 3 survivors (3072K)
 Metaspace       used 60058K, committed 60416K, reserved 1114112K
  class space    used 7489K, committed 7680K, reserved 1048576K
}
Event: 6.175 GC heap before
{Heap before GC invocations=15 (full 0):
 garbage-first heap   total 73728K, used 56380K [0x0000000083a00000, 0x0000000100000000)
  region size 1024K, 34 young (34816K), 3 survivors (3072K)
 Metaspace       used 64646K, committed 65024K, reserved 1114112K
  class space    used 8150K, committed 8320K, reserved 1048576K
}
Event: 6.180 GC heap after
{Heap after GC invocations=16 (full 0):
 garbage-first heap   total 73728K, used 27335K [0x0000000083a00000, 0x0000000100000000)
  region size 1024K, 5 young (5120K), 5 survivors (5120K)
 Metaspace       used 64646K, committed 65024K, reserved 1114112K
  class space    used 8150K, committed 8320K, reserved 1048576K
}
Event: 7.114 GC heap before
{Heap before GC invocations=16 (full 0):
 garbage-first heap   total 73728K, used 57031K [0x0000000083a00000, 0x0000000100000000)
  region size 1024K, 34 young (34816K), 5 survivors (5120K)
 Metaspace       used 68962K, committed 69440K, reserved 1114112K
  class space    used 8727K, committed 8960K, reserved 1048576K
}
Event: 7.121 GC heap after
{Heap after GC invocations=17 (full 0):
 garbage-first heap   total 73728K, used 31417K [0x0000000083a00000, 0x0000000100000000)
  region size 1024K, 4 young (4096K), 4 survivors (4096K)
 Metaspace       used 68962K, committed 69440K, reserved 1114112K
  class space    used 8727K, committed 8960K, reserved 1048576K
}
Event: 97.453 GC heap before
{Heap before GC invocations=17 (full 0):
 garbage-first heap   total 73728K, used 57017K [0x0000000083a00000, 0x0000000100000000)
  region size 1024K, 29 young (29696K), 4 survivors (4096K)
 Metaspace       used 72622K, committed 73152K, reserved 1114112K
  class space    used 9200K, committed 9472K, reserved 1048576K
}
Event: 97.461 GC heap after
{Heap after GC invocations=18 (full 0):
 garbage-first heap   total 73728K, used 33001K [0x0000000083a00000, 0x0000000100000000)
  region size 1024K, 2 young (2048K), 2 survivors (2048K)
 Metaspace       used 72622K, committed 73152K, reserved 1114112K
  class space    used 9200K, committed 9472K, reserved 1048576K
}
Event: 307.074 GC heap before
{Heap before GC invocations=18 (full 0):
 garbage-first heap   total 73728K, used 56553K [0x0000000083a00000, 0x0000000100000000)
  region size 1024K, 26 young (26624K), 2 survivors (2048K)
 Metaspace       used 75334K, committed 75776K, reserved 1179648K
  class space    used 9446K, committed 9664K, reserved 1048576K
}
Event: 307.082 GC heap after
{Heap after GC invocations=19 (full 0):
 garbage-first heap   total 73728K, used 33320K [0x0000000083a00000, 0x0000000100000000)
  region size 1024K, 3 young (3072K), 3 survivors (3072K)
 Metaspace       used 75334K, committed 75776K, reserved 1179648K
  class space    used 9446K, committed 9664K, reserved 1048576K
}
Event: 547.954 GC heap before
{Heap before GC invocations=19 (full 0):
 garbage-first heap   total 73728K, used 56872K [0x0000000083a00000, 0x0000000100000000)
  region size 1024K, 27 young (27648K), 3 survivors (3072K)
 Metaspace       used 76690K, committed 77184K, reserved 1179648K
  class space    used 9564K, committed 9792K, reserved 1048576K
}
Event: 547.959 GC heap after
{Heap after GC invocations=20 (full 0):
 garbage-first heap   total 73728K, used 33550K [0x0000000083a00000, 0x0000000100000000)
  region size 1024K, 3 young (3072K), 3 survivors (3072K)
 Metaspace       used 76690K, committed 77184K, reserved 1179648K
  class space    used 9564K, committed 9792K, reserved 1048576K
}
Event: 758.263 GC heap before
{Heap before GC invocations=20 (full 0):
 garbage-first heap   total 73728K, used 58126K [0x0000000083a00000, 0x0000000100000000)
  region size 1024K, 28 young (28672K), 3 survivors (3072K)
 Metaspace       used 78088K, committed 78592K, reserved 1179648K
  class space    used 9746K, committed 9984K, reserved 1048576K
}
Event: 758.270 GC heap after
{Heap after GC invocations=21 (full 0):
 garbage-first heap   total 73728K, used 34124K [0x0000000083a00000, 0x0000000100000000)
  region size 1024K, 2 young (2048K), 2 survivors (2048K)
 Metaspace       used 78088K, committed 78592K, reserved 1179648K
  class space    used 9746K, committed 9984K, reserved 1048576K
}
Event: 1058.435 GC heap before
{Heap before GC invocations=21 (full 0):
 garbage-first heap   total 73728K, used 58700K [0x0000000083a00000, 0x0000000100000000)
  region size 1024K, 27 young (27648K), 2 survivors (2048K)
 Metaspace       used 78294K, committed 78784K, reserved 1179648K
  class space    used 9748K, committed 9984K, reserved 1048576K
}
Event: 1058.442 GC heap after
{Heap after GC invocations=22 (full 0):
 garbage-first heap   total 73728K, used 34259K [0x0000000083a00000, 0x0000000100000000)
  region size 1024K, 2 young (2048K), 2 survivors (2048K)
 Metaspace       used 78294K, committed 78784K, reserved 1179648K
  class space    used 9748K, committed 9984K, reserved 1048576K
}

