# JRE version: OpenJDK Runtime Environment Temurin-18.0.1+10 (18.0.1+10) (build 18.0.1+10)
# Java VM: OpenJDK 64-Bit Server VM Temurin-18.0.1+10 (18.0.1+10, mixed mode, tiered, compressed oops, compressed class ptrs, g1 gc, windows-amd64)
GC Precious Log:
 CardTable entry size: 512
 Card Set container configuration: InlinePtr #cards 5 size 8 Array Of Cards #cards 12 size 40 Howl #buckets 4 coarsen threshold 1843 Howl Bitmap #cards 512 size 80 coarsen threshold 460 Card regions per heap region 1 cards per card region 2048
 CPUs: 8 total, 8 available
 Memory: 7959M
 Large Page Support: Disabled
 NUMA Support: Disabled
 Compressed Oops: Enabled (32-bit)
 Heap Region Size: 1M
 Heap Min Capacity: 8M
 Heap Initial Capacity: 126M
 Heap Max Capacity: 1990M
 Pre-touch: Disabled
 Parallel Workers: 8
 Concurrent Workers: 2
 Concurrent Refinement Workers: 8
 Periodic GC: Disabled
Heap:
 garbage-first heap   total 89088K, used 40560K [0x0000000083a00000, 0x0000000100000000)
  region size 1024K, 10 young (10240K), 3 survivors (3072K)
 Metaspace       used 78877K, committed 79360K, reserved 1179648K
  class space    used 9659K, committed 9920K, reserved 1048576K
GC Heap History (20 events):
Event: 6.119 GC heap before
{Heap before GC invocations=13 (full 0):
 garbage-first heap   total 98304K, used 33850K [0x0000000083a00000, 0x0000000100000000)
  region size 1024K, 17 young (17408K), 6 survivors (6144K)
 Metaspace       used 60121K, committed 60480K, reserved 1114112K
  class space    used 7495K, committed 7680K, reserved 1048576K
}
Event: 6.125 GC heap after
{Heap after GC invocations=14 (full 0):
 garbage-first heap   total 98304K, used 24857K [0x0000000083a00000, 0x0000000100000000)
  region size 1024K, 2 young (2048K), 2 survivors (2048K)
 Metaspace       used 60121K, committed 60480K, reserved 1114112K
  class space    used 7495K, committed 7680K, reserved 1048576K
}
Event: 7.519 GC heap before
{Heap before GC invocations=15 (full 0):
 garbage-first heap   total 89088K, used 74009K [0x0000000083a00000, 0x0000000100000000)
  region size 1024K, 50 young (51200K), 2 survivors (2048K)
 Metaspace       used 66399K, committed 66816K, reserved 1114112K
  class space    used 8383K, committed 8576K, reserved 1048576K
}
Event: 7.524 GC heap after
{Heap after GC invocations=16 (full 0):
 garbage-first heap   total 89088K, used 28985K [0x0000000083a00000, 0x0000000100000000)
  region size 1024K, 6 young (6144K), 6 survivors (6144K)
 Metaspace       used 66399K, committed 66816K, reserved 1114112K
  class space    used 8383K, committed 8576K, reserved 1048576K
}
Event: 98.241 GC heap before
{Heap before GC invocations=16 (full 0):
 garbage-first heap   total 89088K, used 67897K [0x0000000083a00000, 0x0000000100000000)
  region size 1024K, 44 young (45056K), 6 survivors (6144K)
 Metaspace       used 72728K, committed 73216K, reserved 1114112K
  class space    used 9197K, committed 9408K, reserved 1048576K
}
Event: 98.252 GC heap after
{Heap after GC invocations=17 (full 0):
 garbage-first heap   total 89088K, used 32463K [0x0000000083a00000, 0x0000000100000000)
  region size 1024K, 4 young (4096K), 4 survivors (4096K)
 Metaspace       used 72728K, committed 73216K, reserved 1114112K
  class space    used 9197K, committed 9408K, reserved 1048576K
}
Event: 398.538 GC heap before
{Heap before GC invocations=17 (full 0):
 garbage-first heap   total 89088K, used 69327K [0x0000000083a00000, 0x0000000100000000)
  region size 1024K, 40 young (40960K), 4 survivors (4096K)
 Metaspace       used 76730K, committed 77184K, reserved 1179648K
  class space    used 9585K, committed 9792K, reserved 1048576K
}
Event: 398.545 GC heap after
{Heap after GC invocations=18 (full 0):
 garbage-first heap   total 89088K, used 33568K [0x0000000083a00000, 0x0000000100000000)
  region size 1024K, 2 young (2048K), 2 survivors (2048K)
 Metaspace       used 76730K, committed 77184K, reserved 1179648K
  class space    used 9585K, committed 9792K, reserved 1048576K
}
Event: 788.876 GC heap before
{Heap before GC invocations=18 (full 0):
 garbage-first heap   total 89088K, used 70432K [0x0000000083a00000, 0x0000000100000000)
  region size 1024K, 38 young (38912K), 2 survivors (2048K)
 Metaspace       used 77297K, committed 77760K, reserved 1179648K
  class space    used 9589K, committed 9792K, reserved 1048576K
}
Event: 788.881 GC heap after
{Heap after GC invocations=19 (full 0):
 garbage-first heap   total 89088K, used 33612K [0x0000000083a00000, 0x0000000100000000)
  region size 1024K, 2 young (2048K), 2 survivors (2048K)
 Metaspace       used 77297K, committed 77760K, reserved 1179648K
  class space    used 9589K, committed 9792K, reserved 1048576K
}
Event: 1209.089 GC heap before
{Heap before GC invocations=19 (full 0):
 garbage-first heap   total 89088K, used 71500K [0x0000000083a00000, 0x0000000100000000)
  region size 1024K, 39 young (39936K), 2 survivors (2048K)
 Metaspace       used 78144K, committed 78656K, reserved 1179648K
  class space    used 9652K, committed 9920K, reserved 1048576K
}
Event: 1209.092 GC heap after
{Heap after GC invocations=20 (full 0):
 garbage-first heap   total 89088K, used 33725K [0x0000000083a00000, 0x0000000100000000)
  region size 1024K, 2 young (2048K), 2 survivors (2048K)
 Metaspace       used 78144K, committed 78656K, reserved 1179648K
  class space    used 9652K, committed 9920K, reserved 1048576K
}
Event: 1659.439 GC heap before
{Heap before GC invocations=20 (full 0):
 garbage-first heap   total 89088K, used 72637K [0x0000000083a00000, 0x0000000100000000)
  region size 1024K, 40 young (40960K), 2 survivors (2048K)
 Metaspace       used 78314K, committed 78848K, reserved 1179648K
  class space    used 9653K, committed 9920K, reserved 1048576K
}
Event: 1659.442 GC heap after
{Heap after GC invocations=21 (full 0):
 garbage-first heap   total 89088K, used 33769K [0x0000000083a00000, 0x0000000100000000)
  region size 1024K, 2 young (2048K), 2 survivors (2048K)
 Metaspace       used 78314K, committed 78848K, reserved 1179648K
  class space    used 9653K, committed 9920K, reserved 1048576K
}
Event: 2019.576 GC heap before
{Heap before GC invocations=21 (full 0):
 garbage-first heap   total 89088K, used 73705K [0x0000000083a00000, 0x0000000100000000)
  region size 1024K, 41 young (41984K), 2 survivors (2048K)
 Metaspace       used 78610K, committed 79168K, reserved 1179648K
  class space    used 9658K, committed 9920K, reserved 1048576K
}
Event: 2019.579 GC heap after
{Heap after GC invocations=22 (full 0):
 garbage-first heap   total 89088K, used 34227K [0x0000000083a00000, 0x0000000100000000)
  region size 1024K, 3 young (3072K), 3 survivors (3072K)
 Metaspace       used 78610K, committed 79168K, reserved 1179648K
  class space    used 9658K, committed 9920K, reserved 1048576K
}
Event: 2469.829 GC heap before
{Heap before GC invocations=22 (full 0):
 garbage-first heap   total 89088K, used 73139K [0x0000000083a00000, 0x0000000100000000)
  region size 1024K, 41 young (41984K), 3 survivors (3072K)
 Metaspace       used 78726K, committed 79232K, reserved 1179648K
  class space    used 9659K, committed 9920K, reserved 1048576K
}
Event: 2469.832 GC heap after
{Heap after GC invocations=23 (full 0):
 garbage-first heap   total 89088K, used 34267K [0x0000000083a00000, 0x0000000100000000)
  region size 1024K, 3 young (3072K), 3 survivors (3072K)
 Metaspace       used 78726K, committed 79232K, reserved 1179648K
  class space    used 9659K, committed 9920K, reserved 1048576K
}
Event: 2950.077 GC heap before
{Heap before GC invocations=23 (full 0):
 garbage-first heap   total 89088K, used 74203K [0x0000000083a00000, 0x0000000100000000)
  region size 1024K, 42 young (43008K), 3 survivors (3072K)
 Metaspace       used 78870K, committed 79360K, reserved 1179648K
  class space    used 9659K, committed 9920K, reserved 1048576K
}
Event: 2950.081 GC heap after
{Heap after GC invocations=24 (full 0):
 garbage-first heap   total 89088K, used 34416K [0x0000000083a00000, 0x0000000100000000)
  region size 1024K, 3 young (3072K), 3 survivors (3072K)
 Metaspace       used 78870K, committed 79360K, reserved 1179648K
  class space    used 9659K, committed 9920K, reserved 1048576K
}

