# JRE version: OpenJDK Runtime Environment Temurin-18.0.1+10 (18.0.1+10) (build 18.0.1+10)
# Java VM: OpenJDK 64-Bit Server VM Temurin-18.0.1+10 (18.0.1+10, mixed mode, tiered, compressed oops, compressed class ptrs, g1 gc, windows-amd64)
GC Precious Log:
 CardTable entry size: 512
 Card Set container configuration: InlinePtr #cards 5 size 8 Array Of Cards #cards 12 size 40 Howl #buckets 4 coarsen threshold 1843 Howl Bitmap #cards 512 size 80 coarsen threshold 460 Card regions per heap region 1 cards per card region 2048
 CPUs: 8 total, 8 available
 Memory: 7959M
 Large Page Support: Disabled
 NUMA Support: Disabled
 Compressed Oops: Enabled (32-bit)
 Heap Region Size: 1M
 Heap Min Capacity: 8M
 Heap Initial Capacity: 126M
 Heap Max Capacity: 1990M
 Pre-touch: Disabled
 Parallel Workers: 8
 Concurrent Workers: 2
 Concurrent Refinement Workers: 8
 Periodic GC: Disabled
Heap:
 garbage-first heap   total 65536K, used 38279K [0x0000000083a00000, 0x0000000100000000)
  region size 1024K, 22 young (22528K), 4 survivors (4096K)
 Metaspace       used 55556K, committed 55872K, reserved 1114112K
  class space    used 6775K, committed 6912K, reserved 1048576K
GC Heap History (20 events):
Event: 1.511 GC heap before
{Heap before GC invocations=2 (full 0):
 garbage-first heap   total 129024K, used 11487K [0x0000000083a00000, 0x0000000100000000)
  region size 1024K, 4 young (4096K), 2 survivors (2048K)
 Metaspace       used 21297K, committed 21504K, reserved 1114112K
  class space    used 2241K, committed 2368K, reserved 1048576K
}
Event: 1.513 GC heap after
{Heap after GC invocations=3 (full 0):
 garbage-first heap   total 129024K, used 10290K [0x0000000083a00000, 0x0000000100000000)
  region size 1024K, 2 young (2048K), 2 survivors (2048K)
 Metaspace       used 21297K, committed 21504K, reserved 1114112K
  class space    used 2241K, committed 2368K, reserved 1048576K
}
Event: 2.393 GC heap before
{Heap before GC invocations=4 (full 0):
 garbage-first heap   total 40960K, used 32818K [0x0000000083a00000, 0x0000000100000000)
  region size 1024K, 24 young (24576K), 2 survivors (2048K)
 Metaspace       used 25569K, committed 25920K, reserved 1114112K
  class space    used 2763K, committed 2944K, reserved 1048576K
}
Event: 2.398 GC heap after
{Heap after GC invocations=5 (full 0):
 garbage-first heap   total 40960K, used 12021K [0x0000000083a00000, 0x0000000100000000)
  region size 1024K, 2 young (2048K), 2 survivors (2048K)
 Metaspace       used 25569K, committed 25920K, reserved 1114112K
  class space    used 2763K, committed 2944K, reserved 1048576K
}
Event: 2.432 GC heap before
{Heap before GC invocations=5 (full 0):
 garbage-first heap   total 40960K, used 13045K [0x0000000083a00000, 0x0000000100000000)
  region size 1024K, 3 young (3072K), 2 survivors (2048K)
 Metaspace       used 25640K, committed 25984K, reserved 1114112K
  class space    used 2768K, committed 2944K, reserved 1048576K
}
Event: 2.439 GC heap after
{Heap after GC invocations=6 (full 0):
 garbage-first heap   total 40960K, used 12232K [0x0000000083a00000, 0x0000000100000000)
  region size 1024K, 1 young (1024K), 1 survivors (1024K)
 Metaspace       used 25640K, committed 25984K, reserved 1114112K
  class space    used 2768K, committed 2944K, reserved 1048576K
}
Event: 2.867 GC heap before
{Heap before GC invocations=6 (full 0):
 garbage-first heap   total 40960K, used 27592K [0x0000000083a00000, 0x0000000100000000)
  region size 1024K, 17 young (17408K), 1 survivors (1024K)
 Metaspace       used 27356K, committed 27712K, reserved 1114112K
  class space    used 2958K, committed 3136K, reserved 1048576K
}
Event: 2.872 GC heap after
{Heap after GC invocations=7 (full 0):
 garbage-first heap   total 40960K, used 13220K [0x0000000083a00000, 0x0000000100000000)
  region size 1024K, 2 young (2048K), 2 survivors (2048K)
 Metaspace       used 27356K, committed 27712K, reserved 1114112K
  class space    used 2958K, committed 3136K, reserved 1048576K
}
Event: 3.426 GC heap before
{Heap before GC invocations=7 (full 0):
 garbage-first heap   total 40960K, used 29604K [0x0000000083a00000, 0x0000000100000000)
  region size 1024K, 18 young (18432K), 2 survivors (2048K)
 Metaspace       used 30205K, committed 30528K, reserved 1114112K
  class space    used 3443K, committed 3584K, reserved 1048576K
}
Event: 3.430 GC heap after
{Heap after GC invocations=8 (full 0):
 garbage-first heap   total 40960K, used 14467K [0x0000000083a00000, 0x0000000100000000)
  region size 1024K, 3 young (3072K), 3 survivors (3072K)
 Metaspace       used 30205K, committed 30528K, reserved 1114112K
  class space    used 3443K, committed 3584K, reserved 1048576K
}
Event: 3.892 GC heap before
{Heap before GC invocations=8 (full 0):
 garbage-first heap   total 40960K, used 29827K [0x0000000083a00000, 0x0000000100000000)
  region size 1024K, 18 young (18432K), 3 survivors (3072K)
 Metaspace       used 33410K, committed 33728K, reserved 1114112K
  class space    used 3876K, committed 4032K, reserved 1048576K
}
Event: 3.897 GC heap after
{Heap after GC invocations=9 (full 0):
 garbage-first heap   total 40960K, used 16177K [0x0000000083a00000, 0x0000000100000000)
  region size 1024K, 3 young (3072K), 3 survivors (3072K)
 Metaspace       used 33410K, committed 33728K, reserved 1114112K
  class space    used 3876K, committed 4032K, reserved 1048576K
}
Event: 4.196 GC heap before
{Heap before GC invocations=9 (full 0):
 garbage-first heap   total 40960K, used 26417K [0x0000000083a00000, 0x0000000100000000)
  region size 1024K, 14 young (14336K), 3 survivors (3072K)
 Metaspace       used 35626K, committed 35968K, reserved 1114112K
  class space    used 4170K, committed 4352K, reserved 1048576K
}
Event: 4.203 GC heap after
{Heap after GC invocations=10 (full 0):
 garbage-first heap   total 40960K, used 17572K [0x0000000083a00000, 0x0000000100000000)
  region size 1024K, 2 young (2048K), 2 survivors (2048K)
 Metaspace       used 35626K, committed 35968K, reserved 1114112K
  class space    used 4170K, committed 4352K, reserved 1048576K
}
Event: 4.442 GC heap before
{Heap before GC invocations=11 (full 0):
 garbage-first heap   total 40960K, used 31908K [0x0000000083a00000, 0x0000000100000000)
  region size 1024K, 15 young (15360K), 2 survivors (2048K)
 Metaspace       used 37262K, committed 37632K, reserved 1114112K
  class space    used 4340K, committed 4544K, reserved 1048576K
}
Event: 4.446 GC heap after
{Heap after GC invocations=12 (full 0):
 garbage-first heap   total 40960K, used 18666K [0x0000000083a00000, 0x0000000100000000)
  region size 1024K, 2 young (2048K), 2 survivors (2048K)
 Metaspace       used 37262K, committed 37632K, reserved 1114112K
  class space    used 4340K, committed 4544K, reserved 1048576K
}
Event: 4.780 GC heap before
{Heap before GC invocations=12 (full 0):
 garbage-first heap   total 40960K, used 31978K [0x0000000083a00000, 0x0000000100000000)
  region size 1024K, 15 young (15360K), 2 survivors (2048K)
 Metaspace       used 39239K, committed 39616K, reserved 1114112K
  class space    used 4618K, committed 4800K, reserved 1048576K
}
Event: 4.783 GC heap after
{Heap after GC invocations=13 (full 0):
 garbage-first heap   total 65536K, used 19403K [0x0000000083a00000, 0x0000000100000000)
  region size 1024K, 1 young (1024K), 1 survivors (1024K)
 Metaspace       used 39239K, committed 39616K, reserved 1114112K
  class space    used 4618K, committed 4800K, reserved 1048576K
}
Event: 5.797 GC heap before
{Heap before GC invocations=13 (full 0):
 garbage-first heap   total 65536K, used 50123K [0x0000000083a00000, 0x0000000100000000)
  region size 1024K, 31 young (31744K), 1 survivors (1024K)
 Metaspace       used 51436K, committed 51840K, reserved 1114112K
  class space    used 6263K, committed 6464K, reserved 1048576K
}
Event: 5.800 GC heap after
{Heap after GC invocations=14 (full 0):
 garbage-first heap   total 65536K, used 21895K [0x0000000083a00000, 0x0000000100000000)
  region size 1024K, 4 young (4096K), 4 survivors (4096K)
 Metaspace       used 51436K, committed 51840K, reserved 1114112K
  class space    used 6263K, committed 6464K, reserved 1048576K
}

